RUN	computerdatabase.BasicSimulation	basicsimulation	1591800181463	Run BasicSimulation	3.3.0
USER	Scenario Name	1	START	1591800182174	1591800182174
REQUEST	1		request_1	1591800182219	1591800182296	OK	 
REQUEST	1		request_1 Redirect 1	1591800182309	1591800182418	OK	 
REQUEST	1		request_1 Redirect 2	1591800182418	1591800182446	OK	 
REQUEST	1		request_2	1591800189465	1591800189490	OK	 
REQUEST	1		request_2 Redirect 1	1591800189491	1591800189520	OK	 
REQUEST	1		request_3	1591800191525	1591800191547	OK	 
REQUEST	1		request_3 Redirect 1	1591800191548	1591800191575	OK	 
REQUEST	1		request_4 Redirect 1	1591800194574	1591800194597	OK	 
REQUEST	1		request_4 Redirect 2	1591800194598	1591800194626	OK	 
REQUEST	1		request_5	1591800196634	1591800196656	OK	 
REQUEST	1		request_5 Redirect 1	1591800196657	1591800196684	OK	 
REQUEST	1		request_6	1591800197355	1591800197378	OK	 
REQUEST	1		request_6 Redirect 1	1591800197380	1591800197408	OK	 
REQUEST	1		request_7	1591800198035	1591800198058	OK	 
REQUEST	1		request_7 Redirect 1	1591800198059	1591800198088	OK	 
REQUEST	1		request_8	1591800198815	1591800198837	OK	 
REQUEST	1		request_8 Redirect 1	1591800198838	1591800198866	OK	 
REQUEST	1		request_9	1591800203875	1591800203898	OK	 
REQUEST	1		request_9 Redirect 1	1591800203900	1591800203927	OK	 
REQUEST	1		request_10	1591800204929	1591800204952	OK	 
REQUEST	1		request_10 Redirect 1	1591800204954	1591800204980	OK	 
REQUEST	1		request_10 Redirect 2	1591800204987	1591800205014	OK	 
USER	Scenario Name	1	END	1591800182174	1591800205017
